Error logging started @ 12/30/11 4:17 AM

12/30/11 4:46 AMjava.net.SocketTimeoutException: Read timed out
	at java.net.SocketInputStream.socketRead0(Native Method)
	at java.net.SocketInputStream.read(Unknown Source)
	at java.net.SocketInputStream.read(Unknown Source)
	at sun.nio.cs.StreamDecoder.readBytes(Unknown Source)
	at sun.nio.cs.StreamDecoder.implRead(Unknown Source)
	at sun.nio.cs.StreamDecoder.read(Unknown Source)
	at java.io.InputStreamReader.read(Unknown Source)
	at java.io.BufferedReader.fill(Unknown Source)
	at java.io.BufferedReader.read(Unknown Source)
	at com.suelake.habbo.net.InfoConnection.run(InfoConnection.java:166)
	at java.lang.Thread.run(Unknown Source)


12/30/11 5:16 AMcom.mysql.jdbc.MysqlDataTruncation: Data truncation: Data too long for column 'name' at row 1
	at com.mysql.jdbc.MysqlIO.checkErrorPacket(MysqlIO.java:3513)
	at com.mysql.jdbc.MysqlIO.checkErrorPacket(MysqlIO.java:3447)
	at com.mysql.jdbc.MysqlIO.sendCommand(MysqlIO.java:1951)
	at com.mysql.jdbc.MysqlIO.sqlQueryDirect(MysqlIO.java:2101)
	at com.mysql.jdbc.ConnectionImpl.execSQL(ConnectionImpl.java:2554)
	at com.mysql.jdbc.PreparedStatement.executeInternal(PreparedStatement.java:1761)
	at com.mysql.jdbc.PreparedStatement.executeUpdate(PreparedStatement.java:2046)
	at com.mysql.jdbc.PreparedStatement.executeUpdate(PreparedStatement.java:1964)
	at com.mysql.jdbc.PreparedStatement.executeUpdate(PreparedStatement.java:1949)
	at com.suelake.habbo.spaces.sql.SQLSpace.update(SQLSpace.java:81)
	at com.blunk.storage.sql.SQLDatabase.update(SQLDatabase.java:101)
	at com.suelake.habbo.spaces.SpaceAdministration.updateSpaceInfo(SpaceAdministration.java:59)
	at com.suelake.habbo.communication.requests.UPDATEFLAT.handle(UPDATEFLAT.java:27)
	at com.suelake.habbo.communication.ClientCommands.handleRequest(ClientCommands.java:360)
	at com.suelake.habbo.communication.ClientRequestHandlerManager.handleRequest(ClientRequestHandlerManager.java:23)
	at com.suelake.habbo.communication.CommunicationHandler.handleIncomingNetworkData(CommunicationHandler.java:113)
	at com.suelake.habbo.net.InfoConnection.run(InfoConnection.java:198)
	at java.lang.Thread.run(Unknown Source)


12/30/11 5:16 AMcom.mysql.jdbc.MysqlDataTruncation: Data truncation: Data too long for column 'name' at row 1
	at com.mysql.jdbc.MysqlIO.checkErrorPacket(MysqlIO.java:3513)
	at com.mysql.jdbc.MysqlIO.checkErrorPacket(MysqlIO.java:3447)
	at com.mysql.jdbc.MysqlIO.sendCommand(MysqlIO.java:1951)
	at com.mysql.jdbc.MysqlIO.sqlQueryDirect(MysqlIO.java:2101)
	at com.mysql.jdbc.ConnectionImpl.execSQL(ConnectionImpl.java:2554)
	at com.mysql.jdbc.PreparedStatement.executeInternal(PreparedStatement.java:1761)
	at com.mysql.jdbc.PreparedStatement.executeUpdate(PreparedStatement.java:2046)
	at com.mysql.jdbc.PreparedStatement.executeUpdate(PreparedStatement.java:1964)
	at com.mysql.jdbc.PreparedStatement.executeUpdate(PreparedStatement.java:1949)
	at com.suelake.habbo.spaces.sql.SQLSpace.update(SQLSpace.java:81)
	at com.blunk.storage.sql.SQLDatabase.update(SQLDatabase.java:101)
	at com.suelake.habbo.spaces.SpaceAdministration.updateSpaceInfo(SpaceAdministration.java:59)
	at com.suelake.habbo.communication.requests.SETFLATINFO.handle(SETFLATINFO.java:29)
	at com.suelake.habbo.communication.ClientCommands.handleRequest(ClientCommands.java:360)
	at com.suelake.habbo.communication.ClientRequestHandlerManager.handleRequest(ClientRequestHandlerManager.java:23)
	at com.suelake.habbo.communication.CommunicationHandler.handleIncomingNetworkData(CommunicationHandler.java:113)
	at com.suelake.habbo.net.InfoConnection.run(InfoConnection.java:198)
	at java.lang.Thread.run(Unknown Source)


12/30/11 5:21 AMcom.mysql.jdbc.MysqlDataTruncation: Data truncation: Data too long for column 'name' at row 1
	at com.mysql.jdbc.MysqlIO.checkErrorPacket(MysqlIO.java:3513)
	at com.mysql.jdbc.MysqlIO.checkErrorPacket(MysqlIO.java:3447)
	at com.mysql.jdbc.MysqlIO.sendCommand(MysqlIO.java:1951)
	at com.mysql.jdbc.MysqlIO.sqlQueryDirect(MysqlIO.java:2101)
	at com.mysql.jdbc.ConnectionImpl.execSQL(ConnectionImpl.java:2554)
	at com.mysql.jdbc.PreparedStatement.executeInternal(PreparedStatement.java:1761)
	at com.mysql.jdbc.PreparedStatement.executeUpdate(PreparedStatement.java:2046)
	at com.mysql.jdbc.PreparedStatement.executeUpdate(PreparedStatement.java:1964)
	at com.mysql.jdbc.PreparedStatement.executeUpdate(PreparedStatement.java:1949)
	at com.suelake.habbo.spaces.sql.SQLSpace.update(SQLSpace.java:81)
	at com.blunk.storage.sql.SQLDatabase.update(SQLDatabase.java:101)
	at com.suelake.habbo.spaces.SpaceAdministration.updateSpaceInfo(SpaceAdministration.java:59)
	at com.suelake.habbo.spaces.instances.SpaceInstance.updateUserAmount(SpaceInstance.java:414)
	at com.suelake.habbo.spaces.instances.SpaceInstance.deRegisterClient(SpaceInstance.java:174)
	at com.suelake.habbo.communication.CommunicationHandler.leaveSpace(CommunicationHandler.java:519)
	at com.suelake.habbo.communication.CommunicationHandler.stop(CommunicationHandler.java:160)
	at com.suelake.habbo.net.InfoConnection.run(InfoConnection.java:220)
	at java.lang.Thread.run(Unknown Source)


1/1/12 8:32 AMjava.net.SocketTimeoutException: Read timed out
	at java.net.SocketInputStream.socketRead0(Native Method)
	at java.net.SocketInputStream.read(Unknown Source)
	at java.net.SocketInputStream.read(Unknown Source)
	at sun.nio.cs.StreamDecoder.readBytes(Unknown Source)
	at sun.nio.cs.StreamDecoder.implRead(Unknown Source)
	at sun.nio.cs.StreamDecoder.read(Unknown Source)
	at java.io.InputStreamReader.read(Unknown Source)
	at java.io.BufferedReader.fill(Unknown Source)
	at java.io.BufferedReader.read(Unknown Source)
	at com.suelake.habbo.net.InfoConnection.run(InfoConnection.java:166)
	at java.lang.Thread.run(Unknown Source)


1/1/12 9:33 AMjava.net.SocketTimeoutException: Read timed out
	at java.net.SocketInputStream.socketRead0(Native Method)
	at java.net.SocketInputStream.read(Unknown Source)
	at java.net.SocketInputStream.read(Unknown Source)
	at sun.nio.cs.StreamDecoder.readBytes(Unknown Source)
	at sun.nio.cs.StreamDecoder.implRead(Unknown Source)
	at sun.nio.cs.StreamDecoder.read(Unknown Source)
	at java.io.InputStreamReader.read(Unknown Source)
	at java.io.BufferedReader.fill(Unknown Source)
	at java.io.BufferedReader.read(Unknown Source)
	at com.suelake.habbo.net.InfoConnection.run(InfoConnection.java:166)
	at java.lang.Thread.run(Unknown Source)


1/1/12 10:28 AMcom.mysql.jdbc.MysqlDataTruncation: Data truncation: Data too long for column 'motto' at row 1
	at com.mysql.jdbc.MysqlIO.checkErrorPacket(MysqlIO.java:3513)
	at com.mysql.jdbc.MysqlIO.checkErrorPacket(MysqlIO.java:3447)
	at com.mysql.jdbc.MysqlIO.sendCommand(MysqlIO.java:1951)
	at com.mysql.jdbc.MysqlIO.sqlQueryDirect(MysqlIO.java:2101)
	at com.mysql.jdbc.ConnectionImpl.execSQL(ConnectionImpl.java:2554)
	at com.mysql.jdbc.PreparedStatement.executeInternal(PreparedStatement.java:1761)
	at com.mysql.jdbc.PreparedStatement.executeUpdate(PreparedStatement.java:2046)
	at com.mysql.jdbc.PreparedStatement.executeUpdate(PreparedStatement.java:1964)
	at com.mysql.jdbc.PreparedStatement.executeUpdate(PreparedStatement.java:1949)
	at com.suelake.habbo.users.sql.SQLUser.update(SQLUser.java:157)
	at com.blunk.storage.sql.SQLDatabase.update(SQLDatabase.java:101)
	at com.suelake.habbo.users.UserRegister.updateUser(UserRegister.java:129)
	at com.suelake.habbo.communication.requests.UPDATE.handle(UPDATE.java:42)
	at com.suelake.habbo.communication.ClientCommands.handleRequest(ClientCommands.java:360)
	at com.suelake.habbo.communication.ClientRequestHandlerManager.handleRequest(ClientRequestHandlerManager.java:23)
	at com.suelake.habbo.communication.CommunicationHandler.handleIncomingNetworkData(CommunicationHandler.java:113)
	at com.suelake.habbo.net.InfoConnection.run(InfoConnection.java:198)
	at java.lang.Thread.run(Unknown Source)


1/1/12 10:29 AMcom.mysql.jdbc.MysqlDataTruncation: Data truncation: Data too long for column 'motto' at row 1
	at com.mysql.jdbc.MysqlIO.checkErrorPacket(MysqlIO.java:3513)
	at com.mysql.jdbc.MysqlIO.checkErrorPacket(MysqlIO.java:3447)
	at com.mysql.jdbc.MysqlIO.sendCommand(MysqlIO.java:1951)
	at com.mysql.jdbc.MysqlIO.sqlQueryDirect(MysqlIO.java:2101)
	at com.mysql.jdbc.ConnectionImpl.execSQL(ConnectionImpl.java:2554)
	at com.mysql.jdbc.PreparedStatement.executeInternal(PreparedStatement.java:1761)
	at com.mysql.jdbc.PreparedStatement.executeUpdate(PreparedStatement.java:2046)
	at com.mysql.jdbc.PreparedStatement.executeUpdate(PreparedStatement.java:1964)
	at com.mysql.jdbc.PreparedStatement.executeUpdate(PreparedStatement.java:1949)
	at com.suelake.habbo.users.sql.SQLUser.update(SQLUser.java:157)
	at com.blunk.storage.sql.SQLDatabase.update(SQLDatabase.java:101)
	at com.suelake.habbo.users.UserRegister.updateUser(UserRegister.java:129)
	at com.suelake.habbo.communication.requests.UPDATE.handle(UPDATE.java:42)
	at com.suelake.habbo.communication.ClientCommands.handleRequest(ClientCommands.java:360)
	at com.suelake.habbo.communication.ClientRequestHandlerManager.handleRequest(ClientRequestHandlerManager.java:23)
	at com.suelake.habbo.communication.CommunicationHandler.handleIncomingNetworkData(CommunicationHandler.java:113)
	at com.suelake.habbo.net.InfoConnection.run(InfoConnection.java:198)
	at java.lang.Thread.run(Unknown Source)


1/1/12 12:42 PM1/1/12 1:32 PMjava.net.SocketTimeoutException: Read timed out
	at java.net.SocketInputStream.socketRead0(Native Method)
	at java.net.SocketInputStream.read(Unknown Source)
	at java.net.SocketInputStream.read(Unknown Source)
	at sun.nio.cs.StreamDecoder.readBytes(Unknown Source)
	at sun.nio.cs.StreamDecoder.implRead(Unknown Source)
	at sun.nio.cs.StreamDecoder.read(Unknown Source)
	at java.io.InputStreamReader.read(Unknown Source)
	at java.io.BufferedReader.fill(Unknown Source)
	at java.io.BufferedReader.read(Unknown Source)
	at com.suelake.habbo.net.InfoConnection.run(InfoConnection.java:166)
	at java.lang.Thread.run(Unknown Source)


1/1/12 1:32 PMjava.net.SocketTimeoutException: Read timed out
	at java.net.SocketInputStream.socketRead0(Native Method)
	at java.net.SocketInputStream.read(Unknown Source)
	at java.net.SocketInputStream.read(Unknown Source)
	at sun.nio.cs.StreamDecoder.readBytes(Unknown Source)
	at sun.nio.cs.StreamDecoder.implRead(Unknown Source)
	at sun.nio.cs.StreamDecoder.read(Unknown Source)
	at java.io.InputStreamReader.read(Unknown Source)
	at java.io.BufferedReader.fill(Unknown Source)
	at java.io.BufferedReader.read(Unknown Source)
	at com.suelake.habbo.net.InfoConnection.run(InfoConnection.java:166)
	at java.lang.Thread.run(Unknown Source)


1/1/12 1:32 PMjava.net.SocketTimeoutException: Read timed out
	at java.net.SocketInputStream.socketRead0(Native Method)
	at java.net.SocketInputStream.read(Unknown Source)
	at java.net.SocketInputStream.read(Unknown Source)
	at sun.nio.cs.StreamDecoder.readBytes(Unknown Source)
	at sun.nio.cs.StreamDecoder.implRead(Unknown Source)
	at sun.nio.cs.StreamDecoder.read(Unknown Source)
	at java.io.InputStreamReader.read(Unknown Source)
	at java.io.BufferedReader.fill(Unknown Source)
	at java.io.BufferedReader.read(Unknown Source)
	at com.suelake.habbo.net.InfoConnection.run(InfoConnection.java:166)
	at java.lang.Thread.run(Unknown Source)


1/1/12 1:32 PMjava.net.SocketTimeoutException: Read timed out
	at java.net.SocketInputStream.socketRead0(Native Method)
	at java.net.SocketInputStream.read(Unknown Source)
	at java.net.SocketInputStream.read(Unknown Source)
	at sun.nio.cs.StreamDecoder.readBytes(Unknown Source)
	at sun.nio.cs.StreamDecoder.implRead(Unknown Source)
	at sun.nio.cs.StreamDecoder.read(Unknown Source)
	at java.io.InputStreamReader.read(Unknown Source)
	at java.io.BufferedReader.fill(Unknown Source)
	at java.io.BufferedReader.read(Unknown Source)
	at com.suelake.habbo.net.InfoConnection.run(InfoConnection.java:166)
	at java.lang.Thread.run(Unknown Source)


1/1/12 1:32 PMjava.net.SocketTimeoutException: Read timed out
	at java.net.SocketInputStream.socketRead0(Native Method)
	at java.net.SocketInputStream.read(Unknown Source)
	at java.net.SocketInputStream.read(Unknown Source)
	at sun.nio.cs.StreamDecoder.readBytes(Unknown Source)
	at sun.nio.cs.StreamDecoder.implRead(Unknown Source)
	at sun.nio.cs.StreamDecoder.read(Unknown Source)
	at java.io.InputStreamReader.read(Unknown Source)
	at java.io.BufferedReader.fill(Unknown Source)
	at java.io.BufferedReader.read(Unknown Source)
	at com.suelake.habbo.net.InfoConnection.run(InfoConnection.java:166)
	at java.lang.Thread.run(Unknown Source)


1/1/12 1:44 PMjava.net.SocketTimeoutException: Read timed out
	at java.net.SocketInputStream.socketRead0(Native Method)
	at java.net.SocketInputStream.read(Unknown Source)
	at java.net.SocketInputStream.read(Unknown Source)
	at sun.nio.cs.StreamDecoder.readBytes(Unknown Source)
	at sun.nio.cs.StreamDecoder.implRead(Unknown Source)
	at sun.nio.cs.StreamDecoder.read(Unknown Source)
	at java.io.InputStreamReader.read(Unknown Source)
	at java.io.BufferedReader.fill(Unknown Source)
	at java.io.BufferedReader.read(Unknown Source)
	at com.suelake.habbo.net.InfoConnection.run(InfoConnection.java:166)
	at java.lang.Thread.run(Unknown Source)


